<?xml version="1.0" encoding="UTF-8"?>
<!-- Generated by org.testng.reporters.JUnitXMLReporter -->
<testsuite ignored="3" hostname="LAPTOP-KEA8TT7A" failures="0" tests="1" name="Default test" time="2.798" errors="0" timestamp="2021-04-29T01:52:19 AEST">
  <testcase classname="getRequest.SomeTestCases" name="getResponseHeaders" time="2.744"/>
  <testcase classname="getRequest.SomeTestCases" name="getResponseCode" time="0.0">
    <ignored/>
  </testcase> <!-- getResponseCode -->
  <testcase classname="getRequest.SomeTestCases" name="validateResponse" time="0.0">
    <ignored/>
  </testcase> <!-- validateResponse -->
  <testcase classname="getRequest.SomeTestCases" name="getResponse" time="0.0">
    <ignored/>
  </testcase> <!-- getResponse -->
</testsuite> <!-- Default test -->
